<?xml version="1.0" encoding="UTF-8"?>
<coverage generated="1539353739">
  <project timestamp="1539353739">
    <package name="Altcoin">
      <file name="D:\Projects\php-altcoinrpc\src/Client.php">
        <class name="Altcoin\Client" namespace="Altcoin">
          <metrics complexity="2" methods="2" coveredmethods="2" conditionals="0" coveredconditionals="0" statements="2" coveredstatements="2" elements="4" coveredelements="4"/>
        </class>
        <line num="23" type="method" name="getDefaultConfig" visibility="protected" complexity="1" crap="1" count="2"/>
        <line num="26" type="stmt" count="2"/>
        <line num="43" type="method" name="getResponseHandler" visibility="protected" complexity="1" crap="1" count="1"/>
        <line num="45" type="stmt" count="1"/>
        <metrics loc="47" ncloc="25" classes="1" methods="2" coveredmethods="2" conditionals="0" coveredconditionals="0" statements="2" coveredstatements="2" elements="4" coveredelements="4"/>
      </file>
      <file name="D:\Projects\php-altcoinrpc\src/Response.php">
        <class name="Altcoin\Response" namespace="Altcoin">
          <metrics complexity="0" methods="0" coveredmethods="0" conditionals="0" coveredconditionals="0" statements="0" coveredstatements="0" elements="0" coveredelements="0"/>
        </class>
        <metrics loc="35" ncloc="17" classes="0" methods="0" coveredmethods="0" conditionals="0" coveredconditionals="0" statements="0" coveredstatements="0" elements="0" coveredelements="0"/>
      </file>
    </package>
    <package name="Altcoin\Exceptions">
      <file name="D:\Projects\php-altcoinrpc\src/Exceptions/BadConfigurationException.php">
        <class name="Altcoin\Exceptions\BadConfigurationException" namespace="Altcoin\Exceptions">
          <metrics complexity="0" methods="0" coveredmethods="0" conditionals="0" coveredconditionals="0" statements="0" coveredstatements="0" elements="0" coveredelements="0"/>
        </class>
        <metrics loc="17" ncloc="8" classes="0" methods="0" coveredmethods="0" conditionals="0" coveredconditionals="0" statements="0" coveredstatements="0" elements="0" coveredelements="0"/>
      </file>
      <file name="D:\Projects\php-altcoinrpc\src/Exceptions/BadRemoteCallException.php">
        <class name="Altcoin\Exceptions\BadRemoteCallException" namespace="Altcoin\Exceptions">
          <metrics complexity="0" methods="0" coveredmethods="0" conditionals="0" coveredconditionals="0" statements="0" coveredstatements="0" elements="0" coveredelements="0"/>
        </class>
        <metrics loc="10" ncloc="8" classes="0" methods="0" coveredmethods="0" conditionals="0" coveredconditionals="0" statements="0" coveredstatements="0" elements="0" coveredelements="0"/>
      </file>
      <file name="D:\Projects\php-altcoinrpc\src/Exceptions/ConnectionException.php">
        <class name="Altcoin\Exceptions\ConnectionException" namespace="Altcoin\Exceptions">
          <metrics complexity="0" methods="0" coveredmethods="0" conditionals="0" coveredconditionals="0" statements="0" coveredstatements="0" elements="0" coveredelements="0"/>
        </class>
        <metrics loc="10" ncloc="8" classes="0" methods="0" coveredmethods="0" conditionals="0" coveredconditionals="0" statements="0" coveredstatements="0" elements="0" coveredelements="0"/>
      </file>
    </package>
    <file name="D:\Projects\php-altcoinrpc\src/Exceptions/handler.php">
      <line num="11" type="stmt" count="2"/>
      <line num="23" type="stmt" count="2"/>
      <line num="35" type="stmt" count="3"/>
      <line num="41" type="stmt" count="2"/>
      <metrics loc="41" ncloc="14" classes="0" methods="0" coveredmethods="0" conditionals="0" coveredconditionals="0" statements="4" coveredstatements="4" elements="4" coveredelements="4"/>
    </file>
    <metrics files="6" loc="160" ncloc="80" classes="1" methods="2" coveredmethods="2" conditionals="0" coveredconditionals="0" statements="6" coveredstatements="6" elements="8" coveredelements="8"/>
  </project>
</coverage>
